<?xml version="1.0" encoding="UTF-8"?>
<!-- Generated by org.testng.reporters.JUnitReportReporter -->
<testsuite hostname="NOISYADAV" failures="0" tests="1" name="testController.TestController" time="961.784" errors="0" timestamp="2024-05-14T16:38:33 IST" skipped="0">
  <testcase classname="testController.TestController" name="TestCaseController" time="961.784">
    <system-out>
      <![CDATA[captureScreen method called
<a href='D:\Automastion selemium fili\eclipse-workspace\AN4_FILI\AN4_FILI\src\test\java\screenshot\TC04[1]selectByVisibleText_14_05_2024_04_25_08.png'><img src='D:\Automastion selemium fili\eclipse-workspace\AN4_FILI\AN4_FILI\src\test\java\screenshot\TC04[1]selectByVisibleText_14_05_2024_04_25_08.png'height='100' width='100'/></a>
captureScreen method called
<a href='D:\Automastion selemium fili\eclipse-workspace\AN4_FILI\AN4_FILI\src\test\java\screenshot\TC04[1]selectByVisibleText_14_05_2024_04_25_18.png'><img src='D:\Automastion selemium fili\eclipse-workspace\AN4_FILI\AN4_FILI\src\test\java\screenshot\TC04[1]selectByVisibleText_14_05_2024_04_25_18.png'height='100' width='100'/></a>
captureScreen method called
<a href='D:\Automastion selemium fili\eclipse-workspace\AN4_FILI\AN4_FILI\src\test\java\screenshot\TC04[1]clickRadioButton_14_05_2024_04_27_56.png'><img src='D:\Automastion selemium fili\eclipse-workspace\AN4_FILI\AN4_FILI\src\test\java\screenshot\TC04[1]clickRadioButton_14_05_2024_04_27_56.png'height='100' width='100'/></a>
captureScreen method called
<a href='D:\Automastion selemium fili\eclipse-workspace\AN4_FILI\AN4_FILI\src\test\java\screenshot\TC04[1]inputText_14_05_2024_04_28_07.png'><img src='D:\Automastion selemium fili\eclipse-workspace\AN4_FILI\AN4_FILI\src\test\java\screenshot\TC04[1]inputText_14_05_2024_04_28_07.png'height='100' width='100'/></a>
captureScreen method called
<a href='D:\Automastion selemium fili\eclipse-workspace\AN4_FILI\AN4_FILI\src\test\java\screenshot\TC04[1]clickRadioButton_14_05_2024_04_28_55.png'><img src='D:\Automastion selemium fili\eclipse-workspace\AN4_FILI\AN4_FILI\src\test\java\screenshot\TC04[1]clickRadioButton_14_05_2024_04_28_55.png'height='100' width='100'/></a>
captureScreen method called
<a href='D:\Automastion selemium fili\eclipse-workspace\AN4_FILI\AN4_FILI\src\test\java\screenshot\TC04[1]selectByVisibleText_14_05_2024_04_32_43.png'><img src='D:\Automastion selemium fili\eclipse-workspace\AN4_FILI\AN4_FILI\src\test\java\screenshot\TC04[1]selectByVisibleText_14_05_2024_04_32_43.png'height='100' width='100'/></a>
captureScreen method called
<a href='D:\Automastion selemium fili\eclipse-workspace\AN4_FILI\AN4_FILI\src\test\java\screenshot\TC04[1]inputText_14_05_2024_04_32_54.png'><img src='D:\Automastion selemium fili\eclipse-workspace\AN4_FILI\AN4_FILI\src\test\java\screenshot\TC04[1]inputText_14_05_2024_04_32_54.png'height='100' width='100'/></a>
captureScreen method called
<a href='D:\Automastion selemium fili\eclipse-workspace\AN4_FILI\AN4_FILI\src\test\java\screenshot\TC04[1]inputText_14_05_2024_04_32_55.png'><img src='D:\Automastion selemium fili\eclipse-workspace\AN4_FILI\AN4_FILI\src\test\java\screenshot\TC04[1]inputText_14_05_2024_04_32_55.png'height='100' width='100'/></a>
captureScreen method called
<a href='D:\Automastion selemium fili\eclipse-workspace\AN4_FILI\AN4_FILI\src\test\java\screenshot\TC04[1]clickRadioButton_14_05_2024_04_32_55.png'><img src='D:\Automastion selemium fili\eclipse-workspace\AN4_FILI\AN4_FILI\src\test\java\screenshot\TC04[1]clickRadioButton_14_05_2024_04_32_55.png'height='100' width='100'/></a>
captureScreen method called
captureScreen method called
captureScreen method called
<a href='D:\Automastion selemium fili\eclipse-workspace\AN4_FILI\AN4_FILI\src\test\java\screenshot\TC04[1]clickRadioButton_14_05_2024_04_33_16.png'><img src='D:\Automastion selemium fili\eclipse-workspace\AN4_FILI\AN4_FILI\src\test\java\screenshot\TC04[1]clickRadioButton_14_05_2024_04_33_16.png'height='100' width='100'/></a>
captureScreen method called
<a href='D:\Automastion selemium fili\eclipse-workspace\AN4_FILI\AN4_FILI\src\test\java\screenshot\TC04[1]clickRadioButton_14_05_2024_04_33_27.png'><img src='D:\Automastion selemium fili\eclipse-workspace\AN4_FILI\AN4_FILI\src\test\java\screenshot\TC04[1]clickRadioButton_14_05_2024_04_33_27.png'height='100' width='100'/></a>
captureScreen method called
<a href='D:\Automastion selemium fili\eclipse-workspace\AN4_FILI\AN4_FILI\src\test\java\screenshot\TC04[1]inputText_14_05_2024_04_33_37.png'><img src='D:\Automastion selemium fili\eclipse-workspace\AN4_FILI\AN4_FILI\src\test\java\screenshot\TC04[1]inputText_14_05_2024_04_33_37.png'height='100' width='100'/></a>
captureScreen method called
<a href='D:\Automastion selemium fili\eclipse-workspace\AN4_FILI\AN4_FILI\src\test\java\screenshot\TC04[1]clickRadioButton_14_05_2024_04_33_37.png'><img src='D:\Automastion selemium fili\eclipse-workspace\AN4_FILI\AN4_FILI\src\test\java\screenshot\TC04[1]clickRadioButton_14_05_2024_04_33_37.png'height='100' width='100'/></a>
captureScreen method called
captureScreen method called
<a href='D:\Automastion selemium fili\eclipse-workspace\AN4_FILI\AN4_FILI\src\test\java\screenshot\TC04[1]clickRadioButton_14_05_2024_04_33_38.png'><img src='D:\Automastion selemium fili\eclipse-workspace\AN4_FILI\AN4_FILI\src\test\java\screenshot\TC04[1]clickRadioButton_14_05_2024_04_33_38.png'height='100' width='100'/></a>
captureScreen method called
captureScreen method called
captureScreen method called
captureScreen method called
captureScreen method called
<a href='D:\Automastion selemium fili\eclipse-workspace\AN4_FILI\AN4_FILI\src\test\java\screenshot\TC04[1]clickRadioButton_14_05_2024_04_33_39.png'><img src='D:\Automastion selemium fili\eclipse-workspace\AN4_FILI\AN4_FILI\src\test\java\screenshot\TC04[1]clickRadioButton_14_05_2024_04_33_39.png'height='100' width='100'/></a>
captureScreen method called
captureScreen method called
captureScreen method called
<a href='D:\Automastion selemium fili\eclipse-workspace\AN4_FILI\AN4_FILI\src\test\java\screenshot\TC04[1]clickRadioButton_14_05_2024_04_33_49.png'><img src='D:\Automastion selemium fili\eclipse-workspace\AN4_FILI\AN4_FILI\src\test\java\screenshot\TC04[1]clickRadioButton_14_05_2024_04_33_49.png'height='100' width='100'/></a>
captureScreen method called
<a href='D:\Automastion selemium fili\eclipse-workspace\AN4_FILI\AN4_FILI\src\test\java\screenshot\TC04[1]clickRadioButton_14_05_2024_04_34_01.png'><img src='D:\Automastion selemium fili\eclipse-workspace\AN4_FILI\AN4_FILI\src\test\java\screenshot\TC04[1]clickRadioButton_14_05_2024_04_34_01.png'height='100' width='100'/></a>
captureScreen method called
<a href='D:\Automastion selemium fili\eclipse-workspace\AN4_FILI\AN4_FILI\src\test\java\screenshot\TC04[1]clickRadioButton_14_05_2024_04_34_11.png'><img src='D:\Automastion selemium fili\eclipse-workspace\AN4_FILI\AN4_FILI\src\test\java\screenshot\TC04[1]clickRadioButton_14_05_2024_04_34_11.png'height='100' width='100'/></a>
captureScreen method called
<a href='D:\Automastion selemium fili\eclipse-workspace\AN4_FILI\AN4_FILI\src\test\java\screenshot\TC04[1]clickRadioButton_14_05_2024_04_34_12.png'><img src='D:\Automastion selemium fili\eclipse-workspace\AN4_FILI\AN4_FILI\src\test\java\screenshot\TC04[1]clickRadioButton_14_05_2024_04_34_12.png'height='100' width='100'/></a>
captureScreen method called
captureScreen method called
captureScreen method called
<a href='D:\Automastion selemium fili\eclipse-workspace\AN4_FILI\AN4_FILI\src\test\java\screenshot\TC04[1]clickRadioButton_14_05_2024_04_34_13.png'><img src='D:\Automastion selemium fili\eclipse-workspace\AN4_FILI\AN4_FILI\src\test\java\screenshot\TC04[1]clickRadioButton_14_05_2024_04_34_13.png'height='100' width='100'/></a>
captureScreen method called
captureScreen method called
captureScreen method called
<a href='D:\Automastion selemium fili\eclipse-workspace\AN4_FILI\AN4_FILI\src\test\java\screenshot\TC04[1]clickRadioButton_14_05_2024_04_34_14.png'><img src='D:\Automastion selemium fili\eclipse-workspace\AN4_FILI\AN4_FILI\src\test\java\screenshot\TC04[1]clickRadioButton_14_05_2024_04_34_14.png'height='100' width='100'/></a>
captureScreen method called
captureScreen method called
captureScreen method called
captureScreen method called
captureScreen method called
<a href='D:\Automastion selemium fili\eclipse-workspace\AN4_FILI\AN4_FILI\src\test\java\screenshot\TC04[1]clickRadioButton_14_05_2024_04_34_15.png'><img src='D:\Automastion selemium fili\eclipse-workspace\AN4_FILI\AN4_FILI\src\test\java\screenshot\TC04[1]clickRadioButton_14_05_2024_04_34_15.png'height='100' width='100'/></a>
captureScreen method called
captureScreen method called
captureScreen method called
captureScreen method called
<a href='D:\Automastion selemium fili\eclipse-workspace\AN4_FILI\AN4_FILI\src\test\java\screenshot\TC04[1]clickRadioButton_14_05_2024_04_34_16.png'><img src='D:\Automastion selemium fili\eclipse-workspace\AN4_FILI\AN4_FILI\src\test\java\screenshot\TC04[1]clickRadioButton_14_05_2024_04_34_16.png'height='100' width='100'/></a>
captureScreen method called
captureScreen method called
captureScreen method called
<a href='D:\Automastion selemium fili\eclipse-workspace\AN4_FILI\AN4_FILI\src\test\java\screenshot\TC04[1]inputText_14_05_2024_04_34_37.png'><img src='D:\Automastion selemium fili\eclipse-workspace\AN4_FILI\AN4_FILI\src\test\java\screenshot\TC04[1]inputText_14_05_2024_04_34_37.png'height='100' width='100'/></a>
captureScreen method called
<a href='D:\Automastion selemium fili\eclipse-workspace\AN4_FILI\AN4_FILI\src\test\java\screenshot\TC04[1]inputText_14_05_2024_04_34_47.png'><img src='D:\Automastion selemium fili\eclipse-workspace\AN4_FILI\AN4_FILI\src\test\java\screenshot\TC04[1]inputText_14_05_2024_04_34_47.png'height='100' width='100'/></a>
captureScreen method called
<a href='D:\Automastion selemium fili\eclipse-workspace\AN4_FILI\AN4_FILI\src\test\java\screenshot\TC04[1]inputText_14_05_2024_04_34_58.png'><img src='D:\Automastion selemium fili\eclipse-workspace\AN4_FILI\AN4_FILI\src\test\java\screenshot\TC04[1]inputText_14_05_2024_04_34_58.png'height='100' width='100'/></a>
captureScreen method called
<a href='D:\Automastion selemium fili\eclipse-workspace\AN4_FILI\AN4_FILI\src\test\java\screenshot\TC04[1]inputText_14_05_2024_04_35_08.png'><img src='D:\Automastion selemium fili\eclipse-workspace\AN4_FILI\AN4_FILI\src\test\java\screenshot\TC04[1]inputText_14_05_2024_04_35_08.png'height='100' width='100'/></a>
captureScreen method called
<a href='D:\Automastion selemium fili\eclipse-workspace\AN4_FILI\AN4_FILI\src\test\java\screenshot\TC04[1]inputText_14_05_2024_04_35_18.png'><img src='D:\Automastion selemium fili\eclipse-workspace\AN4_FILI\AN4_FILI\src\test\java\screenshot\TC04[1]inputText_14_05_2024_04_35_18.png'height='100' width='100'/></a>
captureScreen method called
<a href='D:\Automastion selemium fili\eclipse-workspace\AN4_FILI\AN4_FILI\src\test\java\screenshot\TC04[1]inputText_14_05_2024_04_35_29.png'><img src='D:\Automastion selemium fili\eclipse-workspace\AN4_FILI\AN4_FILI\src\test\java\screenshot\TC04[1]inputText_14_05_2024_04_35_29.png'height='100' width='100'/></a>
captureScreen method called
<a href='D:\Automastion selemium fili\eclipse-workspace\AN4_FILI\AN4_FILI\src\test\java\screenshot\TC04[1]inputText_14_05_2024_04_35_39.png'><img src='D:\Automastion selemium fili\eclipse-workspace\AN4_FILI\AN4_FILI\src\test\java\screenshot\TC04[1]inputText_14_05_2024_04_35_39.png'height='100' width='100'/></a>
captureScreen method called
<a href='D:\Automastion selemium fili\eclipse-workspace\AN4_FILI\AN4_FILI\src\test\java\screenshot\TC04[1]inputText_14_05_2024_04_35_50.png'><img src='D:\Automastion selemium fili\eclipse-workspace\AN4_FILI\AN4_FILI\src\test\java\screenshot\TC04[1]inputText_14_05_2024_04_35_50.png'height='100' width='100'/></a>
captureScreen method called
captureScreen method called
<a href='D:\Automastion selemium fili\eclipse-workspace\AN4_FILI\AN4_FILI\src\test\java\screenshot\TC04[1]clickOnLink_14_05_2024_04_36_11.png'><img src='D:\Automastion selemium fili\eclipse-workspace\AN4_FILI\AN4_FILI\src\test\java\screenshot\TC04[1]clickOnLink_14_05_2024_04_36_11.png'height='100' width='100'/></a>
captureScreen method called
<a href='D:\Automastion selemium fili\eclipse-workspace\AN4_FILI\AN4_FILI\src\test\java\screenshot\TC04[1]clickOnLink_14_05_2024_04_38_21.png'><img src='D:\Automastion selemium fili\eclipse-workspace\AN4_FILI\AN4_FILI\src\test\java\screenshot\TC04[1]clickOnLink_14_05_2024_04_38_21.png'height='100' width='100'/></a>]]>
    </system-out>
  </testcase> <!-- TestCaseController -->
  <system-out>
    <![CDATA[captureScreen method called
<a href='D:\Automastion selemium fili\eclipse-workspace\AN4_FILI\AN4_FILI\src\test\java\screenshot\TC04[1]selectByVisibleText_14_05_2024_04_25_08.png'><img src='D:\Automastion selemium fili\eclipse-workspace\AN4_FILI\AN4_FILI\src\test\java\screenshot\TC04[1]selectByVisibleText_14_05_2024_04_25_08.png'height='100' width='100'/></a>
captureScreen method called
<a href='D:\Automastion selemium fili\eclipse-workspace\AN4_FILI\AN4_FILI\src\test\java\screenshot\TC04[1]selectByVisibleText_14_05_2024_04_25_18.png'><img src='D:\Automastion selemium fili\eclipse-workspace\AN4_FILI\AN4_FILI\src\test\java\screenshot\TC04[1]selectByVisibleText_14_05_2024_04_25_18.png'height='100' width='100'/></a>
captureScreen method called
<a href='D:\Automastion selemium fili\eclipse-workspace\AN4_FILI\AN4_FILI\src\test\java\screenshot\TC04[1]clickRadioButton_14_05_2024_04_27_56.png'><img src='D:\Automastion selemium fili\eclipse-workspace\AN4_FILI\AN4_FILI\src\test\java\screenshot\TC04[1]clickRadioButton_14_05_2024_04_27_56.png'height='100' width='100'/></a>
captureScreen method called
<a href='D:\Automastion selemium fili\eclipse-workspace\AN4_FILI\AN4_FILI\src\test\java\screenshot\TC04[1]inputText_14_05_2024_04_28_07.png'><img src='D:\Automastion selemium fili\eclipse-workspace\AN4_FILI\AN4_FILI\src\test\java\screenshot\TC04[1]inputText_14_05_2024_04_28_07.png'height='100' width='100'/></a>
captureScreen method called
<a href='D:\Automastion selemium fili\eclipse-workspace\AN4_FILI\AN4_FILI\src\test\java\screenshot\TC04[1]clickRadioButton_14_05_2024_04_28_55.png'><img src='D:\Automastion selemium fili\eclipse-workspace\AN4_FILI\AN4_FILI\src\test\java\screenshot\TC04[1]clickRadioButton_14_05_2024_04_28_55.png'height='100' width='100'/></a>
captureScreen method called
<a href='D:\Automastion selemium fili\eclipse-workspace\AN4_FILI\AN4_FILI\src\test\java\screenshot\TC04[1]selectByVisibleText_14_05_2024_04_32_43.png'><img src='D:\Automastion selemium fili\eclipse-workspace\AN4_FILI\AN4_FILI\src\test\java\screenshot\TC04[1]selectByVisibleText_14_05_2024_04_32_43.png'height='100' width='100'/></a>
captureScreen method called
<a href='D:\Automastion selemium fili\eclipse-workspace\AN4_FILI\AN4_FILI\src\test\java\screenshot\TC04[1]inputText_14_05_2024_04_32_54.png'><img src='D:\Automastion selemium fili\eclipse-workspace\AN4_FILI\AN4_FILI\src\test\java\screenshot\TC04[1]inputText_14_05_2024_04_32_54.png'height='100' width='100'/></a>
captureScreen method called
<a href='D:\Automastion selemium fili\eclipse-workspace\AN4_FILI\AN4_FILI\src\test\java\screenshot\TC04[1]inputText_14_05_2024_04_32_55.png'><img src='D:\Automastion selemium fili\eclipse-workspace\AN4_FILI\AN4_FILI\src\test\java\screenshot\TC04[1]inputText_14_05_2024_04_32_55.png'height='100' width='100'/></a>
captureScreen method called
<a href='D:\Automastion selemium fili\eclipse-workspace\AN4_FILI\AN4_FILI\src\test\java\screenshot\TC04[1]clickRadioButton_14_05_2024_04_32_55.png'><img src='D:\Automastion selemium fili\eclipse-workspace\AN4_FILI\AN4_FILI\src\test\java\screenshot\TC04[1]clickRadioButton_14_05_2024_04_32_55.png'height='100' width='100'/></a>
captureScreen method called
captureScreen method called
captureScreen method called
<a href='D:\Automastion selemium fili\eclipse-workspace\AN4_FILI\AN4_FILI\src\test\java\screenshot\TC04[1]clickRadioButton_14_05_2024_04_33_16.png'><img src='D:\Automastion selemium fili\eclipse-workspace\AN4_FILI\AN4_FILI\src\test\java\screenshot\TC04[1]clickRadioButton_14_05_2024_04_33_16.png'height='100' width='100'/></a>
captureScreen method called
<a href='D:\Automastion selemium fili\eclipse-workspace\AN4_FILI\AN4_FILI\src\test\java\screenshot\TC04[1]clickRadioButton_14_05_2024_04_33_27.png'><img src='D:\Automastion selemium fili\eclipse-workspace\AN4_FILI\AN4_FILI\src\test\java\screenshot\TC04[1]clickRadioButton_14_05_2024_04_33_27.png'height='100' width='100'/></a>
captureScreen method called
<a href='D:\Automastion selemium fili\eclipse-workspace\AN4_FILI\AN4_FILI\src\test\java\screenshot\TC04[1]inputText_14_05_2024_04_33_37.png'><img src='D:\Automastion selemium fili\eclipse-workspace\AN4_FILI\AN4_FILI\src\test\java\screenshot\TC04[1]inputText_14_05_2024_04_33_37.png'height='100' width='100'/></a>
captureScreen method called
<a href='D:\Automastion selemium fili\eclipse-workspace\AN4_FILI\AN4_FILI\src\test\java\screenshot\TC04[1]clickRadioButton_14_05_2024_04_33_37.png'><img src='D:\Automastion selemium fili\eclipse-workspace\AN4_FILI\AN4_FILI\src\test\java\screenshot\TC04[1]clickRadioButton_14_05_2024_04_33_37.png'height='100' width='100'/></a>
captureScreen method called
captureScreen method called
<a href='D:\Automastion selemium fili\eclipse-workspace\AN4_FILI\AN4_FILI\src\test\java\screenshot\TC04[1]clickRadioButton_14_05_2024_04_33_38.png'><img src='D:\Automastion selemium fili\eclipse-workspace\AN4_FILI\AN4_FILI\src\test\java\screenshot\TC04[1]clickRadioButton_14_05_2024_04_33_38.png'height='100' width='100'/></a>
captureScreen method called
captureScreen method called
captureScreen method called
captureScreen method called
captureScreen method called
<a href='D:\Automastion selemium fili\eclipse-workspace\AN4_FILI\AN4_FILI\src\test\java\screenshot\TC04[1]clickRadioButton_14_05_2024_04_33_39.png'><img src='D:\Automastion selemium fili\eclipse-workspace\AN4_FILI\AN4_FILI\src\test\java\screenshot\TC04[1]clickRadioButton_14_05_2024_04_33_39.png'height='100' width='100'/></a>
captureScreen method called
captureScreen method called
captureScreen method called
<a href='D:\Automastion selemium fili\eclipse-workspace\AN4_FILI\AN4_FILI\src\test\java\screenshot\TC04[1]clickRadioButton_14_05_2024_04_33_49.png'><img src='D:\Automastion selemium fili\eclipse-workspace\AN4_FILI\AN4_FILI\src\test\java\screenshot\TC04[1]clickRadioButton_14_05_2024_04_33_49.png'height='100' width='100'/></a>
captureScreen method called
<a href='D:\Automastion selemium fili\eclipse-workspace\AN4_FILI\AN4_FILI\src\test\java\screenshot\TC04[1]clickRadioButton_14_05_2024_04_34_01.png'><img src='D:\Automastion selemium fili\eclipse-workspace\AN4_FILI\AN4_FILI\src\test\java\screenshot\TC04[1]clickRadioButton_14_05_2024_04_34_01.png'height='100' width='100'/></a>
captureScreen method called
<a href='D:\Automastion selemium fili\eclipse-workspace\AN4_FILI\AN4_FILI\src\test\java\screenshot\TC04[1]clickRadioButton_14_05_2024_04_34_11.png'><img src='D:\Automastion selemium fili\eclipse-workspace\AN4_FILI\AN4_FILI\src\test\java\screenshot\TC04[1]clickRadioButton_14_05_2024_04_34_11.png'height='100' width='100'/></a>
captureScreen method called
<a href='D:\Automastion selemium fili\eclipse-workspace\AN4_FILI\AN4_FILI\src\test\java\screenshot\TC04[1]clickRadioButton_14_05_2024_04_34_12.png'><img src='D:\Automastion selemium fili\eclipse-workspace\AN4_FILI\AN4_FILI\src\test\java\screenshot\TC04[1]clickRadioButton_14_05_2024_04_34_12.png'height='100' width='100'/></a>
captureScreen method called
captureScreen method called
captureScreen method called
<a href='D:\Automastion selemium fili\eclipse-workspace\AN4_FILI\AN4_FILI\src\test\java\screenshot\TC04[1]clickRadioButton_14_05_2024_04_34_13.png'><img src='D:\Automastion selemium fili\eclipse-workspace\AN4_FILI\AN4_FILI\src\test\java\screenshot\TC04[1]clickRadioButton_14_05_2024_04_34_13.png'height='100' width='100'/></a>
captureScreen method called
captureScreen method called
captureScreen method called
<a href='D:\Automastion selemium fili\eclipse-workspace\AN4_FILI\AN4_FILI\src\test\java\screenshot\TC04[1]clickRadioButton_14_05_2024_04_34_14.png'><img src='D:\Automastion selemium fili\eclipse-workspace\AN4_FILI\AN4_FILI\src\test\java\screenshot\TC04[1]clickRadioButton_14_05_2024_04_34_14.png'height='100' width='100'/></a>
captureScreen method called
captureScreen method called
captureScreen method called
captureScreen method called
captureScreen method called
<a href='D:\Automastion selemium fili\eclipse-workspace\AN4_FILI\AN4_FILI\src\test\java\screenshot\TC04[1]clickRadioButton_14_05_2024_04_34_15.png'><img src='D:\Automastion selemium fili\eclipse-workspace\AN4_FILI\AN4_FILI\src\test\java\screenshot\TC04[1]clickRadioButton_14_05_2024_04_34_15.png'height='100' width='100'/></a>
captureScreen method called
captureScreen method called
captureScreen method called
captureScreen method called
<a href='D:\Automastion selemium fili\eclipse-workspace\AN4_FILI\AN4_FILI\src\test\java\screenshot\TC04[1]clickRadioButton_14_05_2024_04_34_16.png'><img src='D:\Automastion selemium fili\eclipse-workspace\AN4_FILI\AN4_FILI\src\test\java\screenshot\TC04[1]clickRadioButton_14_05_2024_04_34_16.png'height='100' width='100'/></a>
captureScreen method called
captureScreen method called
captureScreen method called
<a href='D:\Automastion selemium fili\eclipse-workspace\AN4_FILI\AN4_FILI\src\test\java\screenshot\TC04[1]inputText_14_05_2024_04_34_37.png'><img src='D:\Automastion selemium fili\eclipse-workspace\AN4_FILI\AN4_FILI\src\test\java\screenshot\TC04[1]inputText_14_05_2024_04_34_37.png'height='100' width='100'/></a>
captureScreen method called
<a href='D:\Automastion selemium fili\eclipse-workspace\AN4_FILI\AN4_FILI\src\test\java\screenshot\TC04[1]inputText_14_05_2024_04_34_47.png'><img src='D:\Automastion selemium fili\eclipse-workspace\AN4_FILI\AN4_FILI\src\test\java\screenshot\TC04[1]inputText_14_05_2024_04_34_47.png'height='100' width='100'/></a>
captureScreen method called
<a href='D:\Automastion selemium fili\eclipse-workspace\AN4_FILI\AN4_FILI\src\test\java\screenshot\TC04[1]inputText_14_05_2024_04_34_58.png'><img src='D:\Automastion selemium fili\eclipse-workspace\AN4_FILI\AN4_FILI\src\test\java\screenshot\TC04[1]inputText_14_05_2024_04_34_58.png'height='100' width='100'/></a>
captureScreen method called
<a href='D:\Automastion selemium fili\eclipse-workspace\AN4_FILI\AN4_FILI\src\test\java\screenshot\TC04[1]inputText_14_05_2024_04_35_08.png'><img src='D:\Automastion selemium fili\eclipse-workspace\AN4_FILI\AN4_FILI\src\test\java\screenshot\TC04[1]inputText_14_05_2024_04_35_08.png'height='100' width='100'/></a>
captureScreen method called
<a href='D:\Automastion selemium fili\eclipse-workspace\AN4_FILI\AN4_FILI\src\test\java\screenshot\TC04[1]inputText_14_05_2024_04_35_18.png'><img src='D:\Automastion selemium fili\eclipse-workspace\AN4_FILI\AN4_FILI\src\test\java\screenshot\TC04[1]inputText_14_05_2024_04_35_18.png'height='100' width='100'/></a>
captureScreen method called
<a href='D:\Automastion selemium fili\eclipse-workspace\AN4_FILI\AN4_FILI\src\test\java\screenshot\TC04[1]inputText_14_05_2024_04_35_29.png'><img src='D:\Automastion selemium fili\eclipse-workspace\AN4_FILI\AN4_FILI\src\test\java\screenshot\TC04[1]inputText_14_05_2024_04_35_29.png'height='100' width='100'/></a>
captureScreen method called
<a href='D:\Automastion selemium fili\eclipse-workspace\AN4_FILI\AN4_FILI\src\test\java\screenshot\TC04[1]inputText_14_05_2024_04_35_39.png'><img src='D:\Automastion selemium fili\eclipse-workspace\AN4_FILI\AN4_FILI\src\test\java\screenshot\TC04[1]inputText_14_05_2024_04_35_39.png'height='100' width='100'/></a>
captureScreen method called
<a href='D:\Automastion selemium fili\eclipse-workspace\AN4_FILI\AN4_FILI\src\test\java\screenshot\TC04[1]inputText_14_05_2024_04_35_50.png'><img src='D:\Automastion selemium fili\eclipse-workspace\AN4_FILI\AN4_FILI\src\test\java\screenshot\TC04[1]inputText_14_05_2024_04_35_50.png'height='100' width='100'/></a>
captureScreen method called
captureScreen method called
<a href='D:\Automastion selemium fili\eclipse-workspace\AN4_FILI\AN4_FILI\src\test\java\screenshot\TC04[1]clickOnLink_14_05_2024_04_36_11.png'><img src='D:\Automastion selemium fili\eclipse-workspace\AN4_FILI\AN4_FILI\src\test\java\screenshot\TC04[1]clickOnLink_14_05_2024_04_36_11.png'height='100' width='100'/></a>
captureScreen method called
<a href='D:\Automastion selemium fili\eclipse-workspace\AN4_FILI\AN4_FILI\src\test\java\screenshot\TC04[1]clickOnLink_14_05_2024_04_38_21.png'><img src='D:\Automastion selemium fili\eclipse-workspace\AN4_FILI\AN4_FILI\src\test\java\screenshot\TC04[1]clickOnLink_14_05_2024_04_38_21.png'height='100' width='100'/></a>]]>
  </system-out>
</testsuite> <!-- testController.TestController -->
